d:\personal\graphicsengine\x64\debug\keyboard.obj
d:\personal\graphicsengine\x64\debug\timer.obj
d:\personal\graphicsengine\x64\debug\graphics.obj
d:\personal\graphicsengine\x64\debug\winmain.obj
d:\personal\graphicsengine\x64\debug\mouse.obj
d:\personal\graphicsengine\x64\debug\exception.obj
d:\personal\graphicsengine\x64\debug\window.obj
d:\personal\graphicsengine\x64\debug\app.obj
d:\personal\graphicsengine\x64\debug\dxerr.obj
d:\personal\graphicsengine\x64\debug\dxgiinfomanager.obj
d:\personal\graphicsengine\x64\debug\vc142.pdb
d:\personal\graphicsengine\vertexshader.cso
d:\personal\graphicsengine\x64\debug\pixelshader.cso
d:\personal\graphicsengine\x64\debug\graphicsengine.ilk
d:\personal\graphicsengine\x64\debug\graphicsengine.exe
d:\personal\graphicsengine\x64\debug\graphicsengine.pdb
d:\personal\graphicsengine\x64\debug\graphicsengine.res
d:\personal\graphicsengine\x64\debug\vc142.idb
d:\personal\graphicsengine\x64\debug\graphicsengine.tlog\cl.10428.write.1.tlog
d:\personal\graphicsengine\x64\debug\graphicsengine.tlog\cl.command.1.tlog
d:\personal\graphicsengine\x64\debug\graphicsengine.tlog\cl.read.1.tlog
d:\personal\graphicsengine\x64\debug\graphicsengine.tlog\fxc.command.1.tlog
d:\personal\graphicsengine\x64\debug\graphicsengine.tlog\fxc.read.1.tlog
d:\personal\graphicsengine\x64\debug\graphicsengine.tlog\fxc.write.1.tlog
d:\personal\graphicsengine\x64\debug\graphicsengine.tlog\link.command.1.tlog
d:\personal\graphicsengine\x64\debug\graphicsengine.tlog\link.read.1.tlog
d:\personal\graphicsengine\x64\debug\graphicsengine.tlog\link.write.1.tlog
d:\personal\graphicsengine\x64\debug\graphicsengine.tlog\rc.command.1.tlog
d:\personal\graphicsengine\x64\debug\graphicsengine.tlog\rc.read.1.tlog
d:\personal\graphicsengine\x64\debug\graphicsengine.tlog\rc.write.1.tlog
