  App.cpp
  Mouse.cpp
  WinMain.cpp
  Window.cpp
C:\Program Files (x86)\Microsoft Visual Studio\2019\Community\VC\Tools\MSVC\14.29.30133\include\optional(69,17): warning C4244: 'initializing': conversion from 'WPARAM' to 'int', possible loss of data (compiling source file Window.cpp)
D:\Personal\GraphicsEngine\Window.cpp(242): message : see reference to function template instantiation 'std::_Optional_destruct_base<_Ty,true>::_Optional_destruct_base<WPARAM&>(std::in_place_t,WPARAM &)' being compiled
          with
          [
              _Ty=int
          ]
D:\Personal\GraphicsEngine\Window.cpp(242): message : see reference to function template instantiation 'std::_Optional_destruct_base<_Ty,true>::_Optional_destruct_base<WPARAM&>(std::in_place_t,WPARAM &)' being compiled
          with
          [
              _Ty=int
          ]
C:\Program Files (x86)\Microsoft Visual Studio\2019\Community\VC\Tools\MSVC\14.29.30133\include\optional(185): message : see reference to function template instantiation 'std::_Optional_construct_base<_Ty>::_Optional_construct_base<WPARAM&>(std::in_place_t,WPARAM &)' being compiled
          with
          [
              _Ty=int
          ] (compiling source file Window.cpp)
C:\Program Files (x86)\Microsoft Visual Studio\2019\Community\VC\Tools\MSVC\14.29.30133\include\optional(185): message : see reference to function template instantiation 'std::_Optional_construct_base<_Ty>::_Optional_construct_base<WPARAM&>(std::in_place_t,WPARAM &)' being compiled
          with
          [
              _Ty=int
          ] (compiling source file Window.cpp)
D:\Personal\GraphicsEngine\Window.cpp(83): message : see reference to function template instantiation 'std::optional<int>::optional<WPARAM&,0>(_Ty2)' being compiled
          with
          [
              _Ty2=WPARAM &
          ]
D:\Personal\GraphicsEngine\Window.cpp(83): message : see reference to function template instantiation 'std::optional<int>::optional<WPARAM&,0>(_Ty2)' being compiled
          with
          [
              _Ty2=WPARAM &
          ]
D:\Personal\GraphicsEngine\WinMain.cpp(30): warning C4715: 'WinMain': not all control paths return a value
  GraphicsEngine.vcxproj -> D:\Personal\GraphicsEngine\x64\Debug\GraphicsEngine.exe
